{"/home/nihaodou/Desktop/scrano/scrano/exception.js": {"path":"/home/nihaodou/Desktop/scrano/scrano/exception.js","statementMap":{"0":{"start":{"line":4,"column":8},"end":{"line":4,"column":15}},"1":{"start":{"line":5,"column":8},"end":{"line":5,"column":63}},"2":{"start":{"line":11,"column":8},"end":{"line":11,"column":15}},"3":{"start":{"line":12,"column":8},"end":{"line":12,"column":49}},"4":{"start":{"line":18,"column":8},"end":{"line":18,"column":15}},"5":{"start":{"line":19,"column":8},"end":{"line":19,"column":45}},"6":{"start":{"line":25,"column":8},"end":{"line":25,"column":15}},"7":{"start":{"line":26,"column":8},"end":{"line":26,"column":48}},"8":{"start":{"line":32,"column":8},"end":{"line":32,"column":15}},"9":{"start":{"line":33,"column":8},"end":{"line":33,"column":50}},"10":{"start":{"line":39,"column":8},"end":{"line":39,"column":15}},"11":{"start":{"line":40,"column":8},"end":{"line":40,"column":49}},"12":{"start":{"line":47,"column":8},"end":{"line":47,"column":15}},"13":{"start":{"line":48,"column":8},"end":{"line":48,"column":30}},"14":{"start":{"line":52,"column":0},"end":{"line":60,"column":1}}},"fnMap":{"0":{"name":"(anonymous_0)","decl":{"start":{"line":3,"column":4},"end":{"line":3,"column":5}},"loc":{"start":{"line":3,"column":25},"end":{"line":6,"column":5}},"line":3},"1":{"name":"(anonymous_1)","decl":{"start":{"line":10,"column":4},"end":{"line":10,"column":5}},"loc":{"start":{"line":10,"column":25},"end":{"line":13,"column":5}},"line":10},"2":{"name":"(anonymous_2)","decl":{"start":{"line":17,"column":4},"end":{"line":17,"column":5}},"loc":{"start":{"line":17,"column":25},"end":{"line":20,"column":5}},"line":17},"3":{"name":"(anonymous_3)","decl":{"start":{"line":24,"column":4},"end":{"line":24,"column":5}},"loc":{"start":{"line":24,"column":25},"end":{"line":27,"column":5}},"line":24},"4":{"name":"(anonymous_4)","decl":{"start":{"line":31,"column":4},"end":{"line":31,"column":5}},"loc":{"start":{"line":31,"column":25},"end":{"line":34,"column":5}},"line":31},"5":{"name":"(anonymous_5)","decl":{"start":{"line":38,"column":4},"end":{"line":38,"column":5}},"loc":{"start":{"line":38,"column":25},"end":{"line":41,"column":5}},"line":38},"6":{"name":"(anonymous_6)","decl":{"start":{"line":46,"column":4},"end":{"line":46,"column":5}},"loc":{"start":{"line":46,"column":25},"end":{"line":49,"column":5}},"line":46}},"branchMap":{"0":{"loc":{"start":{"line":5,"column":23},"end":{"line":5,"column":63}},"type":"binary-expr","locations":[{"start":{"line":5,"column":23},"end":{"line":5,"column":30}},{"start":{"line":5,"column":34},"end":{"line":5,"column":63}}],"line":5},"1":{"loc":{"start":{"line":12,"column":23},"end":{"line":12,"column":49}},"type":"binary-expr","locations":[{"start":{"line":12,"column":23},"end":{"line":12,"column":30}},{"start":{"line":12,"column":34},"end":{"line":12,"column":49}}],"line":12},"2":{"loc":{"start":{"line":19,"column":23},"end":{"line":19,"column":45}},"type":"binary-expr","locations":[{"start":{"line":19,"column":23},"end":{"line":19,"column":30}},{"start":{"line":19,"column":34},"end":{"line":19,"column":45}}],"line":19},"3":{"loc":{"start":{"line":26,"column":23},"end":{"line":26,"column":48}},"type":"binary-expr","locations":[{"start":{"line":26,"column":23},"end":{"line":26,"column":30}},{"start":{"line":26,"column":34},"end":{"line":26,"column":48}}],"line":26},"4":{"loc":{"start":{"line":33,"column":23},"end":{"line":33,"column":50}},"type":"binary-expr","locations":[{"start":{"line":33,"column":23},"end":{"line":33,"column":30}},{"start":{"line":33,"column":34},"end":{"line":33,"column":50}}],"line":33},"5":{"loc":{"start":{"line":40,"column":23},"end":{"line":40,"column":49}},"type":"binary-expr","locations":[{"start":{"line":40,"column":23},"end":{"line":40,"column":30}},{"start":{"line":40,"column":34},"end":{"line":40,"column":49}}],"line":40}},"s":{"0":0,"1":0,"2":0,"3":0,"4":0,"5":0,"6":0,"7":0,"8":0,"9":0,"10":0,"11":0,"12":1,"13":1,"14":1},"f":{"0":0,"1":0,"2":0,"3":0,"4":0,"5":0,"6":1},"b":{"0":[0,0],"1":[0,0],"2":[0,0],"3":[0,0],"4":[0,0],"5":[0,0]},"_coverageSchema":"43e27e138ebf9cfc5966b082cf9a028302ed4184","hash":"cdc1e579e8a20712fe1297c7f96452754606c1fd"}
,"/home/nihaodou/Desktop/scrano/scrano/selector/classSelector.js": {"path":"/home/nihaodou/Desktop/scrano/scrano/selector/classSelector.js","statementMap":{"0":{"start":{"line":6,"column":0},"end":{"line":8,"column":1}}},"fnMap":{},"branchMap":{},"s":{"0":1},"f":{},"b":{},"_coverageSchema":"43e27e138ebf9cfc5966b082cf9a028302ed4184","hash":"c1ccd1e50675adcd7279140515cf7dde95e5acfd"}
,"/home/nihaodou/Desktop/scrano/scrano/selector/index.js": {"path":"/home/nihaodou/Desktop/scrano/scrano/selector/index.js","statementMap":{"0":{"start":{"line":1,"column":26},"end":{"line":1,"column":52}},"1":{"start":{"line":2,"column":26},"end":{"line":2,"column":52}},"2":{"start":{"line":5,"column":0},"end":{"line":8,"column":1}}},"fnMap":{},"branchMap":{},"s":{"0":1,"1":1,"2":1},"f":{},"b":{},"_coverageSchema":"43e27e138ebf9cfc5966b082cf9a028302ed4184","hash":"9a283aff17354d90e271063a0a6fa3a9864c71a0"}
,"/home/nihaodou/Desktop/scrano/scrano/selector/xpathSelector.js": {"path":"/home/nihaodou/Desktop/scrano/scrano/selector/xpathSelector.js","statementMap":{"0":{"start":{"line":1,"column":14},"end":{"line":1,"column":30}},"1":{"start":{"line":2,"column":22},"end":{"line":2,"column":39}},"2":{"start":{"line":3,"column":19},"end":{"line":3,"column":42}},"3":{"start":{"line":8,"column":8},"end":{"line":10,"column":9}},"4":{"start":{"line":9,"column":12},"end":{"line":9,"column":133}},"5":{"start":{"line":11,"column":8},"end":{"line":11,"column":159}},"6":{"start":{"line":11,"column":105},"end":{"line":11,"column":157}},"7":{"start":{"line":12,"column":8},"end":{"line":12,"column":46}},"8":{"start":{"line":13,"column":8},"end":{"line":13,"column":42}},"9":{"start":{"line":17,"column":18},"end":{"line":17,"column":72}},"10":{"start":{"line":17,"column":39},"end":{"line":17,"column":70}},"11":{"start":{"line":18,"column":22},"end":{"line":18,"column":24}},"12":{"start":{"line":19,"column":8},"end":{"line":33,"column":9}},"13":{"start":{"line":20,"column":12},"end":{"line":32,"column":13}},"14":{"start":{"line":21,"column":16},"end":{"line":21,"column":32}},"15":{"start":{"line":23,"column":16},"end":{"line":31,"column":17}},"16":{"start":{"line":24,"column":20},"end":{"line":30,"column":21}},"17":{"start":{"line":25,"column":24},"end":{"line":25,"column":46}},"18":{"start":{"line":26,"column":27},"end":{"line":30,"column":21}},"19":{"start":{"line":27,"column":24},"end":{"line":27,"column":50}},"20":{"start":{"line":29,"column":24},"end":{"line":29,"column":40}},"21":{"start":{"line":34,"column":8},"end":{"line":34,"column":39}},"22":{"start":{"line":38,"column":8},"end":{"line":44,"column":9}},"23":{"start":{"line":39,"column":12},"end":{"line":39,"column":21}},"24":{"start":{"line":41,"column":12},"end":{"line":43,"column":14}},"25":{"start":{"line":42,"column":16},"end":{"line":42,"column":49}},"26":{"start":{"line":48,"column":0},"end":{"line":50,"column":1}}},"fnMap":{"0":{"name":"(anonymous_0)","decl":{"start":{"line":7,"column":4},"end":{"line":7,"column":5}},"loc":{"start":{"line":7,"column":21},"end":{"line":14,"column":5}},"line":7},"1":{"name":"(anonymous_1)","decl":{"start":{"line":11,"column":97},"end":{"line":11,"column":98}},"loc":{"start":{"line":11,"column":104},"end":{"line":11,"column":158}},"line":11},"2":{"name":"(anonymous_2)","decl":{"start":{"line":16,"column":4},"end":{"line":16,"column":5}},"loc":{"start":{"line":16,"column":19},"end":{"line":35,"column":5}},"line":16},"3":{"name":"(anonymous_3)","decl":{"start":{"line":17,"column":31},"end":{"line":17,"column":32}},"loc":{"start":{"line":17,"column":38},"end":{"line":17,"column":71}},"line":17},"4":{"name":"(anonymous_4)","decl":{"start":{"line":37,"column":4},"end":{"line":37,"column":5}},"loc":{"start":{"line":37,"column":14},"end":{"line":45,"column":5}},"line":37},"5":{"name":"(anonymous_5)","decl":{"start":{"line":41,"column":32},"end":{"line":41,"column":33}},"loc":{"start":{"line":41,"column":42},"end":{"line":43,"column":13}},"line":41}},"branchMap":{"0":{"loc":{"start":{"line":8,"column":8},"end":{"line":10,"column":9}},"type":"if","locations":[{"start":{"line":8,"column":8},"end":{"line":10,"column":9}},{"start":{"line":8,"column":8},"end":{"line":10,"column":9}}],"line":8},"1":{"loc":{"start":{"line":8,"column":12},"end":{"line":8,"column":58}},"type":"binary-expr","locations":[{"start":{"line":8,"column":12},"end":{"line":8,"column":35}},{"start":{"line":8,"column":39},"end":{"line":8,"column":58}}],"line":8},"2":{"loc":{"start":{"line":11,"column":19},"end":{"line":11,"column":159}},"type":"cond-expr","locations":[{"start":{"line":11,"column":45},"end":{"line":11,"column":86}},{"start":{"line":11,"column":89},"end":{"line":11,"column":159}}],"line":11},"3":{"loc":{"start":{"line":20,"column":12},"end":{"line":32,"column":13}},"type":"if","locations":[{"start":{"line":20,"column":12},"end":{"line":32,"column":13}},{"start":{"line":20,"column":12},"end":{"line":32,"column":13}}],"line":20},"4":{"loc":{"start":{"line":24,"column":20},"end":{"line":30,"column":21}},"type":"if","locations":[{"start":{"line":24,"column":20},"end":{"line":30,"column":21}},{"start":{"line":24,"column":20},"end":{"line":30,"column":21}}],"line":24},"5":{"loc":{"start":{"line":24,"column":24},"end":{"line":24,"column":80}},"type":"binary-expr","locations":[{"start":{"line":24,"column":24},"end":{"line":24,"column":57}},{"start":{"line":24,"column":61},"end":{"line":24,"column":80}}],"line":24},"6":{"loc":{"start":{"line":26,"column":27},"end":{"line":30,"column":21}},"type":"if","locations":[{"start":{"line":26,"column":27},"end":{"line":30,"column":21}},{"start":{"line":26,"column":27},"end":{"line":30,"column":21}}],"line":26},"7":{"loc":{"start":{"line":38,"column":8},"end":{"line":44,"column":9}},"type":"if","locations":[{"start":{"line":38,"column":8},"end":{"line":44,"column":9}},{"start":{"line":38,"column":8},"end":{"line":44,"column":9}}],"line":38}},"s":{"0":1,"1":1,"2":1,"3":15,"4":1,"5":14,"6":11,"7":14,"8":14,"9":8,"10":9,"11":8,"12":8,"13":9,"14":1,"15":8,"16":10,"17":1,"18":9,"19":4,"20":5,"21":8,"22":6,"23":1,"24":5,"25":8,"26":1},"f":{"0":15,"1":11,"2":8,"3":9,"4":6,"5":8},"b":{"0":[1,14],"1":[15,9],"2":[6,8],"3":[1,8],"4":[1,9],"5":[10,9],"6":[4,5],"7":[1,5]},"_coverageSchema":"43e27e138ebf9cfc5966b082cf9a028302ed4184","hash":"742c8845c126b9b92d00b7ac5862a7164a43d0a9"}
}
