TN:
SF:/home/nihaodou/Desktop/scrano/scrano/exception.js
FN:3,(anonymous_0)
FN:10,(anonymous_1)
FN:17,(anonymous_2)
FN:24,(anonymous_3)
FN:31,(anonymous_4)
FN:38,(anonymous_5)
FN:46,(anonymous_6)
FNF:7
FNH:1
FNDA:0,(anonymous_0)
FNDA:0,(anonymous_1)
FNDA:0,(anonymous_2)
FNDA:0,(anonymous_3)
FNDA:0,(anonymous_4)
FNDA:0,(anonymous_5)
FNDA:1,(anonymous_6)
DA:4,0
DA:5,0
DA:11,0
DA:12,0
DA:18,0
DA:19,0
DA:25,0
DA:26,0
DA:32,0
DA:33,0
DA:39,0
DA:40,0
DA:47,1
DA:48,1
DA:52,1
LF:15
LH:3
BRDA:5,0,0,0
BRDA:5,0,1,0
BRDA:12,1,0,0
BRDA:12,1,1,0
BRDA:19,2,0,0
BRDA:19,2,1,0
BRDA:26,3,0,0
BRDA:26,3,1,0
BRDA:33,4,0,0
BRDA:33,4,1,0
BRDA:40,5,0,0
BRDA:40,5,1,0
BRF:12
BRH:0
end_of_record
TN:
SF:/home/nihaodou/Desktop/scrano/scrano/selector/classSelector.js
FNF:0
FNH:0
DA:6,1
LF:1
LH:1
BRF:0
BRH:0
end_of_record
TN:
SF:/home/nihaodou/Desktop/scrano/scrano/selector/index.js
FNF:0
FNH:0
DA:1,1
DA:2,1
DA:5,1
LF:3
LH:3
BRF:0
BRH:0
end_of_record
TN:
SF:/home/nihaodou/Desktop/scrano/scrano/selector/xpathSelector.js
FN:7,(anonymous_0)
FN:11,(anonymous_1)
FN:16,(anonymous_2)
FN:17,(anonymous_3)
FN:37,(anonymous_4)
FN:41,(anonymous_5)
FNF:6
FNH:6
FNDA:15,(anonymous_0)
FNDA:11,(anonymous_1)
FNDA:8,(anonymous_2)
FNDA:9,(anonymous_3)
FNDA:6,(anonymous_4)
FNDA:8,(anonymous_5)
DA:1,1
DA:2,1
DA:3,1
DA:8,15
DA:9,1
DA:11,14
DA:12,14
DA:13,14
DA:17,9
DA:18,8
DA:19,8
DA:20,9
DA:21,1
DA:23,8
DA:24,10
DA:25,1
DA:26,9
DA:27,4
DA:29,5
DA:34,8
DA:38,6
DA:39,1
DA:41,5
DA:42,8
DA:48,1
LF:25
LH:25
BRDA:8,0,0,1
BRDA:8,0,1,14
BRDA:8,1,0,15
BRDA:8,1,1,9
BRDA:11,2,0,6
BRDA:11,2,1,8
BRDA:20,3,0,1
BRDA:20,3,1,8
BRDA:24,4,0,1
BRDA:24,4,1,9
BRDA:24,5,0,10
BRDA:24,5,1,9
BRDA:26,6,0,4
BRDA:26,6,1,5
BRDA:38,7,0,1
BRDA:38,7,1,5
BRF:16
BRH:16
end_of_record
